03-Sep-2019 19:30:37.595 INFORMACIÓN [main] org.apache.catalina.startup.VersionLoggerListener.log Server version:        Apache Tomcat/8.5.43
03-Sep-2019 19:30:37.597 INFORMACIÓN [main] org.apache.catalina.startup.VersionLoggerListener.log Server built:          Jul 4 2019 20:53:15 UTC
03-Sep-2019 19:30:37.597 INFORMACIÓN [main] org.apache.catalina.startup.VersionLoggerListener.log Server number:         8.5.43.0
03-Sep-2019 19:30:37.597 INFORMACIÓN [main] org.apache.catalina.startup.VersionLoggerListener.log OS Name:               Windows 7
03-Sep-2019 19:30:37.598 INFORMACIÓN [main] org.apache.catalina.startup.VersionLoggerListener.log OS Version:            6.1
03-Sep-2019 19:30:37.598 INFORMACIÓN [main] org.apache.catalina.startup.VersionLoggerListener.log Architecture:          amd64
03-Sep-2019 19:30:37.598 INFORMACIÓN [main] org.apache.catalina.startup.VersionLoggerListener.log Java Home:             C:\Program Files\Java\jdk1.8.0_91\jre
03-Sep-2019 19:30:37.598 INFORMACIÓN [main] org.apache.catalina.startup.VersionLoggerListener.log JVM Version:           1.8.0_91-b15
03-Sep-2019 19:30:37.599 INFORMACIÓN [main] org.apache.catalina.startup.VersionLoggerListener.log JVM Vendor:            Oracle Corporation
03-Sep-2019 19:30:37.599 INFORMACIÓN [main] org.apache.catalina.startup.VersionLoggerListener.log CATALINA_BASE:         D:\apache-tomcat-8.5.43
03-Sep-2019 19:30:37.599 INFORMACIÓN [main] org.apache.catalina.startup.VersionLoggerListener.log CATALINA_HOME:         D:\apache-tomcat-8.5.43
03-Sep-2019 19:30:37.599 INFORMACIÓN [main] org.apache.catalina.startup.VersionLoggerListener.log Command line argument: -Djava.util.logging.config.file=D:\apache-tomcat-8.5.43\conf\logging.properties
03-Sep-2019 19:30:37.599 INFORMACIÓN [main] org.apache.catalina.startup.VersionLoggerListener.log Command line argument: -Djava.util.logging.manager=org.apache.juli.ClassLoaderLogManager
03-Sep-2019 19:30:37.599 INFORMACIÓN [main] org.apache.catalina.startup.VersionLoggerListener.log Command line argument: -Dhttp.nonProxyHosts=localhost|127.0.0.1|TH020108
03-Sep-2019 19:30:37.599 INFORMACIÓN [main] org.apache.catalina.startup.VersionLoggerListener.log Command line argument: -Djdk.tls.ephemeralDHKeySize=2048
03-Sep-2019 19:30:37.599 INFORMACIÓN [main] org.apache.catalina.startup.VersionLoggerListener.log Command line argument: -Djava.protocol.handler.pkgs=org.apache.catalina.webresources
03-Sep-2019 19:30:37.599 INFORMACIÓN [main] org.apache.catalina.startup.VersionLoggerListener.log Command line argument: -Dignore.endorsed.dirs=
03-Sep-2019 19:30:37.599 INFORMACIÓN [main] org.apache.catalina.startup.VersionLoggerListener.log Command line argument: -Dcatalina.base=D:\apache-tomcat-8.5.43
03-Sep-2019 19:30:37.599 INFORMACIÓN [main] org.apache.catalina.startup.VersionLoggerListener.log Command line argument: -Dcatalina.home=D:\apache-tomcat-8.5.43
03-Sep-2019 19:30:37.599 INFORMACIÓN [main] org.apache.catalina.startup.VersionLoggerListener.log Command line argument: -Djava.io.tmpdir=D:\apache-tomcat-8.5.43\temp
03-Sep-2019 19:30:37.599 INFORMACIÓN [main] org.apache.catalina.core.AprLifecycleListener.lifecycleEvent La biblioteca nativa de Apache Tomcat basada en ARP que permite un rendimiento óptimo en entornos de desarrollo no ha sido hallada en java.library.path: [C:\Program Files\Java\jdk1.8.0_91\bin;C:\Windows\Sun\Java\bin;C:\Windows\system32;C:\Windows;C:\ProgramData\Oracle\Java\javapath;C:\oraclexe\app\oracle\product\11.2.0\server\bin;C:\Windows\system32;C:\Windows;C:\Windows\System32\Wbem;C:\Windows\System32\WindowsPowerShell\v1.0\;C:\Program Files (x86)\Microsoft SQL Server\100\Tools\Binn\;C:\Program Files (x86)\Microsoft SQL Server\100\DTS\Binn\;C:\Program Files (x86)\PuTTY\;C:\Program Files\TortoiseSVN\bin;C:\Program Files\Microsoft SQL Server\130\Tools\Binn\;C:\Program Files\dotnet\;C:\Program Files\Microsoft SQL Server\Client SDK\ODBC\110\Tools\Binn\;C:\Program Files (x86)\Microsoft SQL Server\120\Tools\Binn\;C:\Program Files\Microsoft SQL Server\120\Tools\Binn\;C:\Program Files\Microsoft SQL Server\120\DTS\Binn\;C:\Program Files (x86)\Microsoft SQL Server\120\Tools\Binn\ManagementStudio\;C:\Program Files (x86)\Microsoft SQL Server\120\DTS\Binn\;C:\Program Files\Git\cmd;C:\python;c:\python;c:\python\Scripts\;;C:\Users\CETECOM\AppData\Local\Programs\Microsoft VS Code\bin;.]
03-Sep-2019 19:30:37.761 INFORMACIÓN [main] org.apache.coyote.AbstractProtocol.init Initializing ProtocolHandler ["http-nio-8080"]
03-Sep-2019 19:30:37.814 INFORMACIÓN [main] org.apache.tomcat.util.net.NioSelectorPool.getSharedSelector Using a shared selector for servlet write/read
03-Sep-2019 19:30:37.824 INFORMACIÓN [main] org.apache.coyote.AbstractProtocol.init Initializing ProtocolHandler ["ajp-nio-8009"]
03-Sep-2019 19:30:37.833 INFORMACIÓN [main] org.apache.tomcat.util.net.NioSelectorPool.getSharedSelector Using a shared selector for servlet write/read
03-Sep-2019 19:30:37.834 INFORMACIÓN [main] org.apache.catalina.startup.Catalina.load Initialization processed in 502 ms
03-Sep-2019 19:30:37.858 INFORMACIÓN [main] org.apache.catalina.core.StandardService.startInternal Arrancando servicio [Catalina]
03-Sep-2019 19:30:37.858 INFORMACIÓN [main] org.apache.catalina.core.StandardEngine.startInternal Starting Servlet Engine: Apache Tomcat/8.5.43
03-Sep-2019 19:30:37.866 INFORMACIÓN [localhost-startStop-1] org.apache.catalina.startup.HostConfig.deployDescriptor Desplieque del descriptor de configuración [D:\apache-tomcat-8.5.43\conf\Catalina\localhost\MySite.xml]
03-Sep-2019 19:30:37.901 GRAVE [localhost-startStop-1] org.apache.catalina.core.ContainerBase.addChildInternal ContainerBase.addChild: start: 
	org.apache.catalina.LifecycleException: Failed to start component [StandardEngine[Catalina].StandardHost[localhost].StandardContext[/MySite]]
		at org.apache.catalina.util.LifecycleBase.start(LifecycleBase.java:167)
		at org.apache.catalina.core.ContainerBase.addChildInternal(ContainerBase.java:743)
		at org.apache.catalina.core.ContainerBase.addChild(ContainerBase.java:719)
		at org.apache.catalina.core.StandardHost.addChild(StandardHost.java:714)
		at org.apache.catalina.startup.HostConfig.deployDescriptor(HostConfig.java:614)
		at org.apache.catalina.startup.HostConfig$DeployDescriptor.run(HostConfig.java:1823)
		at java.util.concurrent.Executors$RunnableAdapter.call(Executors.java:511)
		at java.util.concurrent.FutureTask.run(FutureTask.java:266)
		at java.util.concurrent.ThreadPoolExecutor.runWorker(ThreadPoolExecutor.java:1142)
		at java.util.concurrent.ThreadPoolExecutor$Worker.run(ThreadPoolExecutor.java:617)
		at java.lang.Thread.run(Thread.java:745)
	Caused by: org.apache.catalina.LifecycleException: Failed to start component [org.apache.catalina.webresources.StandardRoot@75d2db0a]
		at org.apache.catalina.util.LifecycleBase.start(LifecycleBase.java:167)
		at org.apache.catalina.core.StandardContext.resourcesStart(StandardContext.java:4814)
		at org.apache.catalina.core.StandardContext.startInternal(StandardContext.java:4949)
		at org.apache.catalina.util.LifecycleBase.start(LifecycleBase.java:150)
		... 10 more
	Caused by: java.lang.IllegalArgumentException: The main resource set specified [C:\Users\CETECOM\Documents\NetBeansProjects\MySite\build\web] is not valid
		at org.apache.catalina.webresources.StandardRoot.createMainResourceSet(StandardRoot.java:748)
		at org.apache.catalina.webresources.StandardRoot.startInternal(StandardRoot.java:706)
		at org.apache.catalina.util.LifecycleBase.start(LifecycleBase.java:150)
		... 13 more
03-Sep-2019 19:30:37.901 GRAVE [localhost-startStop-1] org.apache.catalina.startup.HostConfig.deployDescriptor Error durante el despliegue del descriptor de configuración [D:\apache-tomcat-8.5.43\conf\Catalina\localhost\MySite.xml]
	java.lang.IllegalStateException: ContainerBase.addChild: start: org.apache.catalina.LifecycleException: Failed to start component [StandardEngine[Catalina].StandardHost[localhost].StandardContext[/MySite]]
		at org.apache.catalina.core.ContainerBase.addChildInternal(ContainerBase.java:747)
		at org.apache.catalina.core.ContainerBase.addChild(ContainerBase.java:719)
		at org.apache.catalina.core.StandardHost.addChild(StandardHost.java:714)
		at org.apache.catalina.startup.HostConfig.deployDescriptor(HostConfig.java:614)
		at org.apache.catalina.startup.HostConfig$DeployDescriptor.run(HostConfig.java:1823)
		at java.util.concurrent.Executors$RunnableAdapter.call(Executors.java:511)
		at java.util.concurrent.FutureTask.run(FutureTask.java:266)
		at java.util.concurrent.ThreadPoolExecutor.runWorker(ThreadPoolExecutor.java:1142)
		at java.util.concurrent.ThreadPoolExecutor$Worker.run(ThreadPoolExecutor.java:617)
		at java.lang.Thread.run(Thread.java:745)
03-Sep-2019 19:30:37.903 INFORMACIÓN [localhost-startStop-1] org.apache.catalina.startup.HostConfig.deployDescriptor Deployment of configuration descriptor [D:\apache-tomcat-8.5.43\conf\Catalina\localhost\MySite.xml] has finished in [36] ms
03-Sep-2019 19:30:37.903 INFORMACIÓN [localhost-startStop-1] org.apache.catalina.startup.HostConfig.deployDirectory Despliegue del directorio [D:\apache-tomcat-8.5.43\webapps\docs] de la aplicación web
03-Sep-2019 19:30:38.392 ADVERTENCIA [localhost-startStop-1] org.apache.catalina.util.SessionIdGeneratorBase.createSecureRandom Creation of SecureRandom instance for session ID generation using [SHA1PRNG] took [183] milliseconds.
03-Sep-2019 19:30:38.408 INFORMACIÓN [localhost-startStop-1] org.apache.catalina.startup.HostConfig.deployDirectory Deployment of web application directory [D:\apache-tomcat-8.5.43\webapps\docs] has finished in [504] ms
03-Sep-2019 19:30:38.408 INFORMACIÓN [localhost-startStop-1] org.apache.catalina.startup.HostConfig.deployDirectory Despliegue del directorio [D:\apache-tomcat-8.5.43\webapps\examples] de la aplicación web
03-Sep-2019 19:30:38.661 INFORMACIÓN [localhost-startStop-1] org.apache.catalina.startup.HostConfig.deployDirectory Deployment of web application directory [D:\apache-tomcat-8.5.43\webapps\examples] has finished in [253] ms
03-Sep-2019 19:30:38.661 INFORMACIÓN [localhost-startStop-1] org.apache.catalina.startup.HostConfig.deployDirectory Despliegue del directorio [D:\apache-tomcat-8.5.43\webapps\host-manager] de la aplicación web
03-Sep-2019 19:30:38.761 INFORMACIÓN [localhost-startStop-1] org.apache.catalina.startup.HostConfig.deployDirectory Deployment of web application directory [D:\apache-tomcat-8.5.43\webapps\host-manager] has finished in [100] ms
03-Sep-2019 19:30:38.761 INFORMACIÓN [localhost-startStop-1] org.apache.catalina.startup.HostConfig.deployDirectory Despliegue del directorio [D:\apache-tomcat-8.5.43\webapps\manager] de la aplicación web
03-Sep-2019 19:30:38.843 INFORMACIÓN [localhost-startStop-1] org.apache.catalina.startup.HostConfig.deployDirectory Deployment of web application directory [D:\apache-tomcat-8.5.43\webapps\manager] has finished in [82] ms
03-Sep-2019 19:30:38.843 INFORMACIÓN [localhost-startStop-1] org.apache.catalina.startup.HostConfig.deployDirectory Despliegue del directorio [D:\apache-tomcat-8.5.43\webapps\ROOT] de la aplicación web
03-Sep-2019 19:30:38.924 INFORMACIÓN [localhost-startStop-1] org.apache.catalina.startup.HostConfig.deployDirectory Deployment of web application directory [D:\apache-tomcat-8.5.43\webapps\ROOT] has finished in [80] ms
03-Sep-2019 19:30:38.926 INFORMACIÓN [main] org.apache.coyote.AbstractProtocol.start Starting ProtocolHandler ["http-nio-8080"]
03-Sep-2019 19:30:38.939 INFORMACIÓN [main] org.apache.coyote.AbstractProtocol.start Starting ProtocolHandler ["ajp-nio-8009"]
03-Sep-2019 19:30:38.947 INFORMACIÓN [main] org.apache.catalina.startup.Catalina.start Server startup in 1112 ms
03-Sep-2019 19:30:56.840 INFORMACIÓN [http-nio-8080-exec-9] org.apache.catalina.startup.HostConfig.undeploy Repliegue (undeploy) de la aplicación web que tiene como trayectoria de contexto [/MySite]
03-Sep-2019 19:30:56.894 INFORMACIÓN [http-nio-8080-exec-7] org.apache.catalina.startup.HostConfig.deployDescriptor Desplieque del descriptor de configuración [D:\apache-tomcat-8.5.43\conf\Catalina\localhost\MySite.xml]
03-Sep-2019 19:30:56.966 INFORMACIÓN [http-nio-8080-exec-7] org.apache.catalina.startup.HostConfig.deployDescriptor Deployment of configuration descriptor [D:\apache-tomcat-8.5.43\conf\Catalina\localhost\MySite.xml] has finished in [72] ms
03-Sep-2019 19:30:56.972 INFORMACIÓN [http-nio-8080-exec-2] org.apache.catalina.util.LifecycleBase.start The start() method was called on component [StandardEngine[Catalina].StandardHost[localhost].StandardContext[/MySite]] after start() had already been called. The second call will be ignored.
03-Sep-2019 19:31:42.048 INFORMACIÓN [http-nio-8080-exec-1] cl.duoc.dej.controller.LoginServlet.processRequest VALIDATE
03-Sep-2019 19:37:21.094 INFORMACIÓN [http-nio-8080-exec-18] org.apache.catalina.core.StandardContext.reload Ha comenzado la recarga de Contexto [/MySite]
03-Sep-2019 19:37:21.287 INFORMACIÓN [58] org.apache.catalina.core.StandardContext.reload Se ha completado la recarga de este Contexto
03-Sep-2019 19:37:21.696 INFORMACIÓN [http-nio-8080-exec-17] org.apache.catalina.core.StandardContext.reload Ha comenzado la recarga de Contexto [/MySite]
03-Sep-2019 19:37:21.812 INFORMACIÓN [http-nio-8080-exec-17] org.apache.catalina.core.StandardContext.reload Se ha completado la recarga de este Contexto
03-Sep-2019 19:44:16.340 INFORMACIÓN [http-nio-8080-exec-11] org.apache.catalina.core.StandardContext.reload Ha comenzado la recarga de Contexto [/MySite]
03-Sep-2019 19:44:16.430 INFORMACIÓN [http-nio-8080-exec-11] org.apache.catalina.core.StandardContext.reload Se ha completado la recarga de este Contexto
03-Sep-2019 20:04:02.761 INFORMACIÓN [http-nio-8080-exec-38] cl.duoc.dej.controller.LoginServlet.processRequest VALIDATE
03-Sep-2019 20:04:02.761 INFORMACIÓN [http-nio-8080-exec-38] cl.duoc.dej.controller.LoginServlet.processRequest LOGIN ERROR
03-Sep-2019 20:04:29.420 INFORMACIÓN [ContainerBackgroundProcessor[StandardEngine[Catalina]]] org.apache.catalina.startup.HostConfig.reload Falló la recarga del contexto [/MySite]
03-Sep-2019 20:04:29.420 INFORMACIÓN [ContainerBackgroundProcessor[StandardEngine[Catalina]]] org.apache.catalina.core.StandardContext.reload Ha comenzado la recarga de Contexto [/MySite]
03-Sep-2019 20:04:29.498 INFORMACIÓN [ContainerBackgroundProcessor[StandardEngine[Catalina]]] org.apache.catalina.core.StandardContext.reload Se ha completado la recarga de este Contexto
03-Sep-2019 20:04:59.504 INFORMACIÓN [ContainerBackgroundProcessor[StandardEngine[Catalina]]] org.apache.catalina.startup.HostConfig.reload Falló la recarga del contexto [/MySite]
03-Sep-2019 20:04:59.504 INFORMACIÓN [ContainerBackgroundProcessor[StandardEngine[Catalina]]] org.apache.catalina.core.StandardContext.reload Ha comenzado la recarga de Contexto [/MySite]
03-Sep-2019 20:04:59.580 INFORMACIÓN [ContainerBackgroundProcessor[StandardEngine[Catalina]]] org.apache.catalina.core.StandardContext.reload Se ha completado la recarga de este Contexto
03-Sep-2019 20:05:09.583 INFORMACIÓN [ContainerBackgroundProcessor[StandardEngine[Catalina]]] org.apache.catalina.startup.HostConfig.reload Falló la recarga del contexto [/MySite]
03-Sep-2019 20:05:09.583 INFORMACIÓN [ContainerBackgroundProcessor[StandardEngine[Catalina]]] org.apache.catalina.core.StandardContext.reload Ha comenzado la recarga de Contexto [/MySite]
03-Sep-2019 20:05:09.662 INFORMACIÓN [ContainerBackgroundProcessor[StandardEngine[Catalina]]] org.apache.catalina.core.StandardContext.reload Se ha completado la recarga de este Contexto
03-Sep-2019 20:12:00.358 INFORMACIÓN [http-nio-8080-exec-48] org.apache.catalina.core.StandardContext.reload Ha comenzado la recarga de Contexto [/MySite]
03-Sep-2019 20:12:00.433 INFORMACIÓN [http-nio-8080-exec-48] org.apache.catalina.core.StandardContext.reload Se ha completado la recarga de este Contexto
03-Sep-2019 20:12:02.114 INFORMACIÓN [http-nio-8080-exec-52] org.apache.catalina.core.StandardContext.reload Ha comenzado la recarga de Contexto [/MySite]
03-Sep-2019 20:12:02.191 INFORMACIÓN [http-nio-8080-exec-52] org.apache.catalina.core.StandardContext.reload Se ha completado la recarga de este Contexto
03-Sep-2019 20:12:09.490 INFORMACIÓN [http-nio-8080-exec-47] cl.duoc.dej.controller.LoginServlet.processRequest VALIDATE
03-Sep-2019 20:12:09.490 INFORMACIÓN [http-nio-8080-exec-47] cl.duoc.dej.controller.LoginServlet.processRequest LOGIN SUCCESS
03-Sep-2019 20:12:09.490 INFORMACIÓN [http-nio-8080-exec-47] cl.duoc.dej.controller.LoginServlet.processRequest REDIREC TO HOME
03-Sep-2019 20:13:00.032 INFORMACIÓN [http-nio-8080-exec-57] cl.duoc.dej.controller.LoginServlet.processRequest VALIDATE
03-Sep-2019 20:13:00.033 INFORMACIÓN [http-nio-8080-exec-57] cl.duoc.dej.controller.LoginServlet.processRequest LOGIN SUCCESS
03-Sep-2019 20:13:00.033 INFORMACIÓN [http-nio-8080-exec-57] cl.duoc.dej.controller.LoginServlet.processRequest REDIREC TO HOME
03-Sep-2019 20:13:57.756 INFORMACIÓN [http-nio-8080-exec-54] org.apache.catalina.core.StandardContext.reload Ha comenzado la recarga de Contexto [/MySite]
03-Sep-2019 20:13:57.827 INFORMACIÓN [http-nio-8080-exec-54] org.apache.catalina.core.StandardContext.reload Se ha completado la recarga de este Contexto
03-Sep-2019 20:14:02.682 INFORMACIÓN [http-nio-8080-exec-53] cl.duoc.dej.controller.LoginServlet.processRequest VALIDATE
03-Sep-2019 20:14:02.683 INFORMACIÓN [http-nio-8080-exec-53] cl.duoc.dej.controller.LoginServlet.processRequest LOGIN SUCCESS
03-Sep-2019 20:14:02.683 INFORMACIÓN [http-nio-8080-exec-53] cl.duoc.dej.controller.LoginServlet.processRequest REDIREC TO HOME
03-Sep-2019 20:14:54.598 INFORMACIÓN [http-nio-8080-exec-60] cl.duoc.dej.controller.LoginServlet.processRequest VALIDATE
03-Sep-2019 20:14:54.598 INFORMACIÓN [http-nio-8080-exec-60] cl.duoc.dej.controller.LoginServlet.processRequest LOGIN SUCCESS
03-Sep-2019 20:14:54.598 INFORMACIÓN [http-nio-8080-exec-60] cl.duoc.dej.controller.LoginServlet.processRequest REDIREC TO HOME
03-Sep-2019 20:15:13.115 INFORMACIÓN [http-nio-8080-exec-66] cl.duoc.dej.controller.LoginServlet.processRequest VALIDATE
03-Sep-2019 20:15:13.116 INFORMACIÓN [http-nio-8080-exec-66] cl.duoc.dej.controller.LoginServlet.processRequest LOGIN SUCCESS
03-Sep-2019 20:15:13.116 INFORMACIÓN [http-nio-8080-exec-66] cl.duoc.dej.controller.LoginServlet.processRequest REDIREC TO HOME
03-Sep-2019 20:15:40.051 INFORMACIÓN [http-nio-8080-exec-62] org.apache.catalina.core.StandardContext.reload Ha comenzado la recarga de Contexto [/MySite]
03-Sep-2019 20:15:40.137 INFORMACIÓN [http-nio-8080-exec-62] org.apache.catalina.core.StandardContext.reload Se ha completado la recarga de este Contexto
03-Sep-2019 20:16:31.615 INFORMACIÓN [http-nio-8080-exec-66] org.apache.catalina.core.StandardContext.reload Ha comenzado la recarga de Contexto [/MySite]
03-Sep-2019 20:16:31.693 INFORMACIÓN [http-nio-8080-exec-66] org.apache.catalina.core.StandardContext.reload Se ha completado la recarga de este Contexto
03-Sep-2019 20:16:36.603 INFORMACIÓN [http-nio-8080-exec-71] cl.duoc.dej.controller.LoginServlet.processRequest VALIDATE
03-Sep-2019 20:16:36.603 INFORMACIÓN [http-nio-8080-exec-71] cl.duoc.dej.controller.LoginServlet.processRequest LOGIN SUCCESS
03-Sep-2019 20:16:36.603 INFORMACIÓN [http-nio-8080-exec-71] cl.duoc.dej.controller.LoginServlet.processRequest REDIREC TO HOME
03-Sep-2019 20:17:12.076 INFORMACIÓN [http-nio-8080-exec-70] cl.duoc.dej.controller.LoginServlet.processRequest VALIDATE
03-Sep-2019 20:17:12.077 INFORMACIÓN [http-nio-8080-exec-70] cl.duoc.dej.controller.LoginServlet.processRequest LOGIN SUCCESS
03-Sep-2019 20:17:12.077 INFORMACIÓN [http-nio-8080-exec-70] cl.duoc.dej.controller.LoginServlet.processRequest REDIREC TO HOME
03-Sep-2019 20:19:08.740 INFORMACIÓN [http-nio-8080-exec-75] cl.duoc.dej.controller.LoginServlet.processRequest VALIDATE
03-Sep-2019 20:19:08.740 INFORMACIÓN [http-nio-8080-exec-75] cl.duoc.dej.controller.LoginServlet.processRequest LOGIN SUCCESS
03-Sep-2019 20:19:08.740 INFORMACIÓN [http-nio-8080-exec-75] cl.duoc.dej.controller.LoginServlet.processRequest REDIREC TO HOME
03-Sep-2019 20:23:46.309 INFORMACIÓN [http-nio-8080-exec-82] cl.duoc.dej.controller.LoginServlet.processRequest VALIDATE
03-Sep-2019 20:23:46.309 INFORMACIÓN [http-nio-8080-exec-82] cl.duoc.dej.controller.LoginServlet.processRequest LOGIN SUCCESS
03-Sep-2019 20:23:46.309 INFORMACIÓN [http-nio-8080-exec-82] cl.duoc.dej.controller.LoginServlet.processRequest REDIREC TO HOME
03-Sep-2019 20:24:24.054 INFORMACIÓN [http-nio-8080-exec-75] cl.duoc.dej.controller.LoginServlet.processRequest VALIDATE
03-Sep-2019 20:24:24.055 INFORMACIÓN [http-nio-8080-exec-75] cl.duoc.dej.controller.LoginServlet.processRequest LOGIN SUCCESS
03-Sep-2019 20:24:24.055 INFORMACIÓN [http-nio-8080-exec-75] cl.duoc.dej.controller.LoginServlet.processRequest REDIREC TO HOME
03-Sep-2019 20:29:35.165 INFORMACIÓN [http-nio-8080-exec-81] cl.duoc.dej.controller.LoginServlet.processRequest VALIDATE
03-Sep-2019 20:29:35.165 INFORMACIÓN [http-nio-8080-exec-81] cl.duoc.dej.controller.LoginServlet.processRequest LOGIN SUCCESS
03-Sep-2019 20:29:35.165 INFORMACIÓN [http-nio-8080-exec-81] cl.duoc.dej.controller.LoginServlet.processRequest REDIREC TO HOME
03-Sep-2019 20:30:11.132 INFORMACIÓN [http-nio-8080-exec-78] cl.duoc.dej.controller.LoginServlet.processRequest VALIDATE
03-Sep-2019 20:30:11.132 INFORMACIÓN [http-nio-8080-exec-78] cl.duoc.dej.controller.LoginServlet.processRequest LOGIN SUCCESS
03-Sep-2019 20:30:11.132 INFORMACIÓN [http-nio-8080-exec-78] cl.duoc.dej.controller.LoginServlet.processRequest REDIREC TO HOME
03-Sep-2019 20:31:15.966 INFORMACIÓN [http-nio-8080-exec-82] cl.duoc.dej.controller.LoginServlet.processRequest VALIDATE
03-Sep-2019 20:31:15.966 INFORMACIÓN [http-nio-8080-exec-82] cl.duoc.dej.controller.LoginServlet.processRequest LOGIN SUCCESS
03-Sep-2019 20:31:15.966 INFORMACIÓN [http-nio-8080-exec-82] cl.duoc.dej.controller.LoginServlet.processRequest REDIREC TO HOME
03-Sep-2019 20:46:36.797 INFORMACIÓN [http-nio-8080-exec-82] cl.duoc.dej.controller.LoginServlet.processRequest VALIDATE
03-Sep-2019 20:46:36.797 INFORMACIÓN [http-nio-8080-exec-82] cl.duoc.dej.controller.LoginServlet.processRequest LOGIN SUCCESS
03-Sep-2019 20:46:36.797 INFORMACIÓN [http-nio-8080-exec-82] cl.duoc.dej.controller.LoginServlet.processRequest REDIREC TO HOME
03-Sep-2019 20:48:36.410 INFORMACIÓN [http-nio-8080-exec-75] org.apache.catalina.core.StandardContext.reload Ha comenzado la recarga de Contexto [/MySite]
03-Sep-2019 20:48:36.481 INFORMACIÓN [http-nio-8080-exec-75] org.apache.catalina.core.StandardContext.reload Se ha completado la recarga de este Contexto
03-Sep-2019 20:49:58.078 INFORMACIÓN [http-nio-8080-exec-76] org.apache.catalina.core.StandardContext.reload Ha comenzado la recarga de Contexto [/MySite]
03-Sep-2019 20:49:58.152 INFORMACIÓN [http-nio-8080-exec-76] org.apache.catalina.core.StandardContext.reload Se ha completado la recarga de este Contexto
03-Sep-2019 20:52:59.458 INFORMACIÓN [http-nio-8080-exec-87] org.apache.catalina.core.StandardContext.reload Ha comenzado la recarga de Contexto [/MySite]
03-Sep-2019 20:52:59.559 INFORMACIÓN [http-nio-8080-exec-87] org.apache.catalina.core.StandardContext.reload Se ha completado la recarga de este Contexto
03-Sep-2019 20:53:27.043 INFORMACIÓN [http-nio-8080-exec-82] org.apache.catalina.core.StandardContext.reload Ha comenzado la recarga de Contexto [/MySite]
03-Sep-2019 20:53:27.116 INFORMACIÓN [http-nio-8080-exec-82] org.apache.catalina.core.StandardContext.reload Se ha completado la recarga de este Contexto
03-Sep-2019 20:53:30.235 INFORMACIÓN [ContainerBackgroundProcessor[StandardEngine[Catalina]]] org.apache.catalina.startup.HostConfig.reload Falló la recarga del contexto [/MySite]
03-Sep-2019 20:53:30.235 INFORMACIÓN [ContainerBackgroundProcessor[StandardEngine[Catalina]]] org.apache.catalina.core.StandardContext.reload Ha comenzado la recarga de Contexto [/MySite]
03-Sep-2019 20:53:30.307 INFORMACIÓN [ContainerBackgroundProcessor[StandardEngine[Catalina]]] org.apache.catalina.core.StandardContext.reload Se ha completado la recarga de este Contexto
03-Sep-2019 21:03:10.828 INFORMACIÓN [http-nio-8080-exec-92] org.apache.catalina.core.StandardContext.reload Ha comenzado la recarga de Contexto [/MySite]
03-Sep-2019 21:03:10.924 INFORMACIÓN [http-nio-8080-exec-92] org.apache.catalina.core.StandardContext.reload Se ha completado la recarga de este Contexto
03-Sep-2019 21:12:16.466 INFORMACIÓN [http-nio-8080-exec-102] org.apache.catalina.core.StandardContext.reload Ha comenzado la recarga de Contexto [/MySite]
03-Sep-2019 21:12:16.537 INFORMACIÓN [http-nio-8080-exec-102] org.apache.catalina.core.StandardContext.reload Se ha completado la recarga de este Contexto
03-Sep-2019 21:22:39.777 INFORMACIÓN [http-nio-8080-exec-111] org.apache.catalina.core.StandardContext.reload Ha comenzado la recarga de Contexto [/MySite]
03-Sep-2019 21:22:39.848 INFORMACIÓN [http-nio-8080-exec-111] org.apache.catalina.core.StandardContext.reload Se ha completado la recarga de este Contexto
03-Sep-2019 21:22:51.034 INFORMACIÓN [http-nio-8080-exec-120] cl.duoc.dej.controller.LoginServlet.processRequest VALIDATE
03-Sep-2019 21:22:51.034 INFORMACIÓN [http-nio-8080-exec-120] cl.duoc.dej.controller.LoginServlet.processRequest LOGIN SUCCESS
03-Sep-2019 21:22:51.034 INFORMACIÓN [http-nio-8080-exec-120] cl.duoc.dej.controller.LoginServlet.processRequest REDIREC TO HOME
03-Sep-2019 21:25:18.810 INFORMACIÓN [http-nio-8080-exec-130] cl.duoc.dej.controller.LoginServlet.processRequest VALIDATE
03-Sep-2019 21:25:18.810 INFORMACIÓN [http-nio-8080-exec-130] cl.duoc.dej.controller.LoginServlet.processRequest LOGIN SUCCESS
03-Sep-2019 21:25:18.810 INFORMACIÓN [http-nio-8080-exec-130] cl.duoc.dej.controller.LoginServlet.processRequest REDIREC TO HOME
03-Sep-2019 21:27:08.112 INFORMACIÓN [http-nio-8080-exec-129] cl.duoc.dej.controller.LoginServlet.processRequest VALIDATE
03-Sep-2019 21:27:08.113 INFORMACIÓN [http-nio-8080-exec-129] cl.duoc.dej.controller.LoginServlet.processRequest LOGIN SUCCESS
03-Sep-2019 21:27:08.113 INFORMACIÓN [http-nio-8080-exec-129] cl.duoc.dej.controller.LoginServlet.processRequest REDIREC TO HOME
03-Sep-2019 21:28:00.570 INFORMACIÓN [http-nio-8080-exec-128] cl.duoc.dej.controller.LoginServlet.processRequest VALIDATE
03-Sep-2019 21:28:00.570 INFORMACIÓN [http-nio-8080-exec-128] cl.duoc.dej.controller.LoginServlet.processRequest LOGIN SUCCESS
03-Sep-2019 21:28:00.571 INFORMACIÓN [http-nio-8080-exec-128] cl.duoc.dej.controller.LoginServlet.processRequest REDIREC TO HOME
03-Sep-2019 21:28:06.189 INFORMACIÓN [http-nio-8080-exec-126] cl.duoc.dej.controller.RegionServlet.processRequest CREATE REGION
03-Sep-2019 21:28:32.682 INFORMACIÓN [http-nio-8080-exec-127] cl.duoc.dej.controller.RegionServlet.processRequest CREATE REGION
03-Sep-2019 21:29:37.981 INFORMACIÓN [http-nio-8080-exec-126] cl.duoc.dej.controller.LoginServlet.processRequest VALIDATE
03-Sep-2019 21:29:37.981 INFORMACIÓN [http-nio-8080-exec-126] cl.duoc.dej.controller.LoginServlet.processRequest LOGIN SUCCESS
03-Sep-2019 21:29:37.981 INFORMACIÓN [http-nio-8080-exec-126] cl.duoc.dej.controller.LoginServlet.processRequest REDIREC TO HOME
03-Sep-2019 21:31:09.484 INFORMACIÓN [http-nio-8080-exec-129] cl.duoc.dej.controller.LoginServlet.processRequest VALIDATE
03-Sep-2019 21:31:09.484 INFORMACIÓN [http-nio-8080-exec-129] cl.duoc.dej.controller.LoginServlet.processRequest LOGIN SUCCESS
03-Sep-2019 21:31:09.484 INFORMACIÓN [http-nio-8080-exec-129] cl.duoc.dej.controller.LoginServlet.processRequest REDIREC TO HOME
03-Sep-2019 21:31:48.546 INFORMACIÓN [http-nio-8080-exec-130] cl.duoc.dej.controller.RegionServlet.processRequest CREATE REGION
03-Sep-2019 21:33:30.145 INFORMACIÓN [http-nio-8080-exec-129] cl.duoc.dej.controller.RegionServlet.processRequest CREATE REGION
03-Sep-2019 21:33:30.146 ADVERTENCIA [http-nio-8080-exec-129] cl.duoc.dej.controller.RegionServlet.processRequest For input string: ""
	java.lang.NumberFormatException: For input string: ""
		at java.lang.NumberFormatException.forInputString(NumberFormatException.java:65)
		at java.lang.Integer.parseInt(Integer.java:592)
		at java.lang.Short.parseShort(Short.java:118)
		at java.lang.Short.valueOf(Short.java:174)
		at java.lang.Short.valueOf(Short.java:200)
		at cl.duoc.dej.controller.RegionServlet.processRequest(RegionServlet.java:43)
		at cl.duoc.dej.controller.RegionServlet.doPost(RegionServlet.java:86)
		at javax.servlet.http.HttpServlet.service(HttpServlet.java:660)
		at javax.servlet.http.HttpServlet.service(HttpServlet.java:741)
		at org.apache.catalina.core.ApplicationFilterChain.internalDoFilter(ApplicationFilterChain.java:231)
		at org.apache.catalina.core.ApplicationFilterChain.doFilter(ApplicationFilterChain.java:166)
		at org.apache.tomcat.websocket.server.WsFilter.doFilter(WsFilter.java:52)
		at org.apache.catalina.core.ApplicationFilterChain.internalDoFilter(ApplicationFilterChain.java:193)
		at org.apache.catalina.core.ApplicationFilterChain.doFilter(ApplicationFilterChain.java:166)
		at org.apache.catalina.core.StandardWrapperValve.invoke(StandardWrapperValve.java:199)
		at org.apache.catalina.core.StandardContextValve.invoke(StandardContextValve.java:96)
		at org.apache.catalina.authenticator.AuthenticatorBase.invoke(AuthenticatorBase.java:493)
		at org.apache.catalina.core.StandardHostValve.invoke(StandardHostValve.java:137)
		at org.apache.catalina.valves.ErrorReportValve.invoke(ErrorReportValve.java:81)
		at org.apache.catalina.valves.AbstractAccessLogValve.invoke(AbstractAccessLogValve.java:660)
		at org.apache.catalina.core.StandardEngineValve.invoke(StandardEngineValve.java:87)
		at org.apache.catalina.connector.CoyoteAdapter.service(CoyoteAdapter.java:343)
		at org.apache.coyote.http11.Http11Processor.service(Http11Processor.java:798)
		at org.apache.coyote.AbstractProcessorLight.process(AbstractProcessorLight.java:66)
		at org.apache.coyote.AbstractProtocol$ConnectionHandler.process(AbstractProtocol.java:808)
		at org.apache.tomcat.util.net.NioEndpoint$SocketProcessor.doRun(NioEndpoint.java:1498)
		at org.apache.tomcat.util.net.SocketProcessorBase.run(SocketProcessorBase.java:49)
		at java.util.concurrent.ThreadPoolExecutor.runWorker(ThreadPoolExecutor.java:1142)
		at java.util.concurrent.ThreadPoolExecutor$Worker.run(ThreadPoolExecutor.java:617)
		at org.apache.tomcat.util.threads.TaskThread$WrappingRunnable.run(TaskThread.java:61)
		at java.lang.Thread.run(Thread.java:745)
03-Sep-2019 21:41:04.510 INFORMACIÓN [http-nio-8080-exec-128] cl.duoc.dej.controller.LoginServlet.processRequest VALIDATE
03-Sep-2019 21:41:04.510 INFORMACIÓN [http-nio-8080-exec-128] cl.duoc.dej.controller.LoginServlet.processRequest LOGIN SUCCESS
03-Sep-2019 21:41:04.510 INFORMACIÓN [http-nio-8080-exec-128] cl.duoc.dej.controller.LoginServlet.processRequest REDIREC TO HOME
03-Sep-2019 22:14:20.561 INFORMACIÓN [main] org.apache.catalina.core.StandardServer.await Se ha recibido un comando de apagado a través del puerto de apagado. Parando la instancia del Servidor.
03-Sep-2019 22:14:20.561 INFORMACIÓN [main] org.apache.coyote.AbstractProtocol.pause Pausing ProtocolHandler ["http-nio-8080"]
03-Sep-2019 22:14:20.636 INFORMACIÓN [main] org.apache.coyote.AbstractProtocol.pause Pausing ProtocolHandler ["ajp-nio-8009"]
03-Sep-2019 22:14:20.703 INFORMACIÓN [main] org.apache.catalina.core.StandardService.stopInternal Parando servicio [Catalina]
03-Sep-2019 22:14:20.721 INFORMACIÓN [main] org.apache.coyote.AbstractProtocol.stop Stopping ProtocolHandler ["http-nio-8080"]
03-Sep-2019 22:14:20.726 INFORMACIÓN [main] org.apache.coyote.AbstractProtocol.stop Stopping ProtocolHandler ["ajp-nio-8009"]
03-Sep-2019 22:14:20.728 INFORMACIÓN [main] org.apache.coyote.AbstractProtocol.destroy Destroying ProtocolHandler ["http-nio-8080"]
03-Sep-2019 22:14:20.728 INFORMACIÓN [main] org.apache.coyote.AbstractProtocol.destroy Destroying ProtocolHandler ["ajp-nio-8009"]
