25-Sep-2019 21:37:21.413 INFORMACIÓN [http-nio-8081-exec-6] org.apache.catalina.core.ApplicationContext.log Manager: init: Associated with Deployer 'Catalina:type=Deployer,host=localhost'
25-Sep-2019 21:37:21.413 INFORMACIÓN [http-nio-8081-exec-6] org.apache.catalina.core.ApplicationContext.log Manager: init: Global resources are available
25-Sep-2019 21:37:21.526 INFORMACIÓN [http-nio-8081-exec-1] org.apache.catalina.core.ApplicationContext.log Manager: list: Listing contexts for virtual host 'localhost'
25-Sep-2019 21:37:21.537 INFORMACIÓN [http-nio-8081-exec-10] org.apache.catalina.core.ApplicationContext.log Manager: list: Listing contexts for virtual host 'localhost'
25-Sep-2019 21:37:21.622 INFORMACIÓN [http-nio-8081-exec-2] org.apache.catalina.core.ApplicationContext.log Manager: stop: Stopping web application '/NumeroUno'
25-Sep-2019 21:37:21.662 INFORMACIÓN [http-nio-8081-exec-5] org.apache.catalina.core.ApplicationContext.log Manager: start: Starting web application '/NumeroUno'
25-Sep-2019 21:40:20.170 INFORMACIÓN [http-nio-8081-exec-20] org.apache.catalina.core.ApplicationContext.log Manager: list: Listing contexts for virtual host 'localhost'
25-Sep-2019 21:41:37.320 INFORMACIÓN [http-nio-8081-exec-13] org.apache.catalina.core.ApplicationContext.log Manager: list: Listing contexts for virtual host 'localhost'
25-Sep-2019 21:42:36.481 INFORMACIÓN [http-nio-8081-exec-13] org.apache.catalina.core.ApplicationContext.log Manager: list: Listing contexts for virtual host 'localhost'
25-Sep-2019 21:42:36.501 INFORMACIÓN [http-nio-8081-exec-14] org.apache.catalina.core.ApplicationContext.log Manager: stop: Stopping web application '/NumeroUno'
25-Sep-2019 21:42:36.537 INFORMACIÓN [http-nio-8081-exec-13] org.apache.catalina.core.ApplicationContext.log Manager: start: Starting web application '/NumeroUno'
25-Sep-2019 21:46:50.346 INFORMACIÓN [http-nio-8081-exec-22] org.apache.catalina.core.ApplicationContext.log Manager: list: Listing contexts for virtual host 'localhost'
25-Sep-2019 21:46:50.366 INFORMACIÓN [http-nio-8081-exec-23] org.apache.catalina.core.ApplicationContext.log Manager: restart: Reloading web application '/NumeroUno'
25-Sep-2019 21:47:03.982 INFORMACIÓN [http-nio-8081-exec-21] org.apache.catalina.core.ApplicationContext.log Manager: list: Listing contexts for virtual host 'localhost'
25-Sep-2019 21:47:03.999 INFORMACIÓN [http-nio-8081-exec-16] org.apache.catalina.core.ApplicationContext.log Manager: restart: Reloading web application '/NumeroUno'
25-Sep-2019 21:47:27.573 INFORMACIÓN [http-nio-8081-exec-20] org.apache.catalina.core.ApplicationContext.log Manager: list: Listing contexts for virtual host 'localhost'
25-Sep-2019 21:47:27.597 INFORMACIÓN [http-nio-8081-exec-23] org.apache.catalina.core.ApplicationContext.log Manager: restart: Reloading web application '/NumeroUno'
25-Sep-2019 21:47:36.258 INFORMACIÓN [http-nio-8081-exec-20] org.apache.catalina.core.ApplicationContext.log Manager: list: Listing contexts for virtual host 'localhost'
25-Sep-2019 21:47:36.276 INFORMACIÓN [http-nio-8081-exec-28] org.apache.catalina.core.ApplicationContext.log Manager: restart: Reloading web application '/NumeroUno'
25-Sep-2019 21:48:21.952 INFORMACIÓN [http-nio-8081-exec-27] org.apache.catalina.core.ApplicationContext.log Manager: list: Listing contexts for virtual host 'localhost'
25-Sep-2019 21:48:21.974 INFORMACIÓN [http-nio-8081-exec-20] org.apache.catalina.core.ApplicationContext.log Manager: restart: Reloading web application '/NumeroUno'
25-Sep-2019 21:55:44.173 INFORMACIÓN [http-nio-8081-exec-32] org.apache.catalina.core.ApplicationContext.log Manager: list: Listing contexts for virtual host 'localhost'
25-Sep-2019 21:56:45.105 INFORMACIÓN [http-nio-8081-exec-40] org.apache.catalina.core.ApplicationContext.log Manager: list: Listing contexts for virtual host 'localhost'
