24-Sep-2019 00:00:07.382 INFORMACIÓN [http-nio-8085-exec-53] org.apache.catalina.core.ApplicationContext.log Manager: list: Listing contexts for virtual host 'localhost'
24-Sep-2019 00:01:08.387 INFORMACIÓN [http-nio-8085-exec-48] org.apache.catalina.core.ApplicationContext.log Manager: list: Listing contexts for virtual host 'localhost'
24-Sep-2019 00:01:10.919 INFORMACIÓN [http-nio-8085-exec-54] org.apache.catalina.core.ApplicationContext.log Manager: list: Listing contexts for virtual host 'localhost'
24-Sep-2019 00:02:07.978 INFORMACIÓN [http-nio-8085-exec-49] org.apache.catalina.core.ApplicationContext.log Manager: list: Listing contexts for virtual host 'localhost'
24-Sep-2019 00:03:20.176 INFORMACIÓN [http-nio-8085-exec-56] org.apache.catalina.core.ApplicationContext.log Manager: list: Listing contexts for virtual host 'localhost'
24-Sep-2019 00:03:20.198 INFORMACIÓN [http-nio-8085-exec-48] org.apache.catalina.core.ApplicationContext.log Manager: stop: Stopping web application '/NumeroUno'
24-Sep-2019 00:03:20.221 INFORMACIÓN [http-nio-8085-exec-56] org.apache.catalina.core.ApplicationContext.log Manager: start: Starting web application '/NumeroUno'
24-Sep-2019 00:03:20.525 INFORMACIÓN [http-nio-8085-exec-49] org.apache.catalina.core.ApplicationContext.log Manager: list: Listing contexts for virtual host 'localhost'
24-Sep-2019 00:03:20.540 INFORMACIÓN [http-nio-8085-exec-51] org.apache.catalina.core.ApplicationContext.log Manager: restart: Reloading web application '/NumeroUno'
24-Sep-2019 00:06:46.072 INFORMACIÓN [http-nio-8085-exec-57] org.apache.catalina.core.ApplicationContext.log Manager: list: Listing contexts for virtual host 'localhost'
24-Sep-2019 00:06:46.089 INFORMACIÓN [http-nio-8085-exec-61] org.apache.catalina.core.ApplicationContext.log Manager: restart: Reloading web application '/NumeroUno'
24-Sep-2019 00:11:27.614 INFORMACIÓN [http-nio-8085-exec-64] org.apache.catalina.core.ApplicationContext.log Manager: list: Listing contexts for virtual host 'localhost'
24-Sep-2019 00:11:27.629 INFORMACIÓN [http-nio-8085-exec-66] org.apache.catalina.core.ApplicationContext.log Manager: restart: Reloading web application '/NumeroUno'
24-Sep-2019 00:12:11.196 INFORMACIÓN [http-nio-8085-exec-61] org.apache.catalina.core.ApplicationContext.log Manager: list: Listing contexts for virtual host 'localhost'
24-Sep-2019 00:12:11.210 INFORMACIÓN [http-nio-8085-exec-62] org.apache.catalina.core.ApplicationContext.log Manager: restart: Reloading web application '/NumeroUno'
24-Sep-2019 00:12:37.742 INFORMACIÓN [http-nio-8085-exec-66] org.apache.catalina.core.ApplicationContext.log Manager: list: Listing contexts for virtual host 'localhost'
24-Sep-2019 00:12:37.759 INFORMACIÓN [http-nio-8085-exec-53] org.apache.catalina.core.ApplicationContext.log Manager: restart: Reloading web application '/NumeroUno'
24-Sep-2019 00:15:09.090 INFORMACIÓN [http-nio-8085-exec-70] org.apache.catalina.core.ApplicationContext.log Manager: list: Listing contexts for virtual host 'localhost'
24-Sep-2019 00:18:36.269 INFORMACIÓN [http-nio-8085-exec-69] org.apache.catalina.core.ApplicationContext.log Manager: list: Listing contexts for virtual host 'localhost'
24-Sep-2019 00:18:36.285 INFORMACIÓN [http-nio-8085-exec-70] org.apache.catalina.core.ApplicationContext.log Manager: restart: Reloading web application '/NumeroUno'
24-Sep-2019 00:19:37.725 INFORMACIÓN [http-nio-8085-exec-79] org.apache.catalina.core.ApplicationContext.log Manager: list: Listing contexts for virtual host 'localhost'
24-Sep-2019 00:19:37.743 INFORMACIÓN [http-nio-8085-exec-76] org.apache.catalina.core.ApplicationContext.log Manager: restart: Reloading web application '/NumeroUno'
24-Sep-2019 00:21:54.513 INFORMACIÓN [http-nio-8085-exec-3] org.apache.catalina.core.ApplicationContext.log Manager: init: Associated with Deployer 'Catalina:type=Deployer,host=localhost'
24-Sep-2019 00:21:54.513 INFORMACIÓN [http-nio-8085-exec-3] org.apache.catalina.core.ApplicationContext.log Manager: init: Global resources are available
24-Sep-2019 00:22:00.766 INFORMACIÓN [http-nio-8085-exec-8] org.apache.catalina.core.ApplicationContext.log Manager: list: Listing contexts for virtual host 'localhost'
24-Sep-2019 00:22:00.780 INFORMACIÓN [http-nio-8085-exec-10] org.apache.catalina.core.ApplicationContext.log Manager: list: Listing contexts for virtual host 'localhost'
24-Sep-2019 00:22:00.821 INFORMACIÓN [http-nio-8085-exec-9] org.apache.catalina.core.ApplicationContext.log Manager: stop: Stopping web application '/NumeroUno'
24-Sep-2019 00:22:00.865 INFORMACIÓN [http-nio-8085-exec-4] org.apache.catalina.core.ApplicationContext.log Manager: start: Starting web application '/NumeroUno'
24-Sep-2019 00:27:27.007 INFORMACIÓN [http-nio-8085-exec-20] org.apache.catalina.core.ApplicationContext.log Manager: list: Listing contexts for virtual host 'localhost'
24-Sep-2019 00:29:04.587 INFORMACIÓN [http-nio-8085-exec-20] org.apache.catalina.core.ApplicationContext.log Manager: list: Listing contexts for virtual host 'localhost'
24-Sep-2019 19:28:56.741 INFORMACIÓN [http-nio-8081-exec-4] org.apache.catalina.core.ApplicationContext.log Manager: init: Associated with Deployer 'Catalina:type=Deployer,host=localhost'
24-Sep-2019 19:28:56.742 INFORMACIÓN [http-nio-8081-exec-4] org.apache.catalina.core.ApplicationContext.log Manager: init: Global resources are available
24-Sep-2019 20:45:19.488 INFORMACIÓN [http-nio-8081-exec-19] org.apache.catalina.core.ApplicationContext.log Manager: list: Listing contexts for virtual host 'localhost'
24-Sep-2019 20:45:37.629 INFORMACIÓN [http-nio-8081-exec-16] org.apache.catalina.core.ApplicationContext.log Manager: list: Listing contexts for virtual host 'localhost'
24-Sep-2019 20:45:37.649 INFORMACIÓN [http-nio-8081-exec-17] org.apache.catalina.core.ApplicationContext.log Manager: list: Listing contexts for virtual host 'localhost'
24-Sep-2019 20:45:37.700 INFORMACIÓN [http-nio-8081-exec-19] org.apache.catalina.core.ApplicationContext.log Manager: undeploy: Undeploying web application at '/NumeroUno'
24-Sep-2019 20:45:38.277 INFORMACIÓN [http-nio-8081-exec-14] org.apache.catalina.core.ApplicationContext.log Manager: install: Installing context configuration at 'file:/var/folders/dt/rsywx_vs4jdb7bnvj9rv4qtw0000gn/T/context4343273268325280223.xml'
24-Sep-2019 20:45:38.568 INFORMACIÓN [http-nio-8081-exec-18] org.apache.catalina.core.ApplicationContext.log Manager: start: Starting web application '/NumeroUno'
24-Sep-2019 20:46:21.786 INFORMACIÓN [http-nio-8081-exec-16] org.apache.catalina.core.ApplicationContext.log Manager: list: Listing contexts for virtual host 'localhost'
24-Sep-2019 20:46:21.794 INFORMACIÓN [http-nio-8081-exec-23] org.apache.catalina.core.ApplicationContext.log Manager: list: Listing contexts for virtual host 'localhost'
24-Sep-2019 20:51:38.341 INFORMACIÓN [http-nio-8081-exec-27] org.apache.catalina.core.ApplicationContext.log Manager: list: Listing contexts for virtual host 'localhost'
24-Sep-2019 20:52:29.799 INFORMACIÓN [http-nio-8081-exec-25] org.apache.catalina.core.ApplicationContext.log Manager: list: Listing contexts for virtual host 'localhost'
24-Sep-2019 20:53:23.794 INFORMACIÓN [http-nio-8081-exec-26] org.apache.catalina.core.ApplicationContext.log Manager: list: Listing contexts for virtual host 'localhost'
24-Sep-2019 20:58:18.560 INFORMACIÓN [http-nio-8081-exec-27] org.apache.catalina.core.ApplicationContext.log Manager: list: Listing contexts for virtual host 'localhost'
24-Sep-2019 21:01:40.589 INFORMACIÓN [http-nio-8081-exec-29] org.apache.catalina.core.ApplicationContext.log Manager: list: Listing contexts for virtual host 'localhost'
24-Sep-2019 21:03:09.214 INFORMACIÓN [http-nio-8081-exec-29] org.apache.catalina.core.ApplicationContext.log Manager: list: Listing contexts for virtual host 'localhost'
24-Sep-2019 21:03:42.403 INFORMACIÓN [http-nio-8081-exec-27] org.apache.catalina.core.ApplicationContext.log Manager: list: Listing contexts for virtual host 'localhost'
24-Sep-2019 21:03:55.963 INFORMACIÓN [http-nio-8081-exec-21] org.apache.catalina.core.ApplicationContext.log Manager: list: Listing contexts for virtual host 'localhost'
24-Sep-2019 21:04:09.847 INFORMACIÓN [http-nio-8081-exec-21] org.apache.catalina.core.ApplicationContext.log Manager: list: Listing contexts for virtual host 'localhost'
24-Sep-2019 21:07:49.000 INFORMACIÓN [http-nio-8081-exec-28] org.apache.catalina.core.ApplicationContext.log Manager: list: Listing contexts for virtual host 'localhost'
24-Sep-2019 21:09:22.905 INFORMACIÓN [http-nio-8081-exec-26] org.apache.catalina.core.ApplicationContext.log Manager: list: Listing contexts for virtual host 'localhost'
24-Sep-2019 21:10:10.304 INFORMACIÓN [http-nio-8081-exec-23] org.apache.catalina.core.ApplicationContext.log Manager: list: Listing contexts for virtual host 'localhost'
24-Sep-2019 21:10:12.422 INFORMACIÓN [http-nio-8081-exec-28] org.apache.catalina.core.ApplicationContext.log Manager: list: Listing contexts for virtual host 'localhost'
24-Sep-2019 21:11:24.273 INFORMACIÓN [http-nio-8081-exec-27] org.apache.catalina.core.ApplicationContext.log Manager: list: Listing contexts for virtual host 'localhost'
24-Sep-2019 21:12:41.158 INFORMACIÓN [http-nio-8081-exec-23] org.apache.catalina.core.ApplicationContext.log Manager: list: Listing contexts for virtual host 'localhost'
24-Sep-2019 21:14:00.110 INFORMACIÓN [http-nio-8081-exec-24] org.apache.catalina.core.ApplicationContext.log Manager: list: Listing contexts for virtual host 'localhost'
24-Sep-2019 21:14:51.433 INFORMACIÓN [http-nio-8081-exec-28] org.apache.catalina.core.ApplicationContext.log Manager: list: Listing contexts for virtual host 'localhost'
24-Sep-2019 21:15:16.009 INFORMACIÓN [http-nio-8081-exec-30] org.apache.catalina.core.ApplicationContext.log Manager: list: Listing contexts for virtual host 'localhost'
24-Sep-2019 21:23:43.889 INFORMACIÓN [http-nio-8081-exec-28] org.apache.catalina.core.ApplicationContext.log Manager: list: Listing contexts for virtual host 'localhost'
24-Sep-2019 21:24:30.223 INFORMACIÓN [http-nio-8081-exec-30] org.apache.catalina.core.ApplicationContext.log Manager: list: Listing contexts for virtual host 'localhost'
24-Sep-2019 21:26:04.583 INFORMACIÓN [http-nio-8081-exec-28] org.apache.catalina.core.ApplicationContext.log Manager: list: Listing contexts for virtual host 'localhost'
24-Sep-2019 21:30:33.307 INFORMACIÓN [http-nio-8081-exec-25] org.apache.catalina.core.ApplicationContext.log Manager: list: Listing contexts for virtual host 'localhost'
24-Sep-2019 21:30:33.325 INFORMACIÓN [http-nio-8081-exec-22] org.apache.catalina.core.ApplicationContext.log Manager: restart: Reloading web application '/NumeroUno'
24-Sep-2019 21:30:53.911 INFORMACIÓN [http-nio-8081-exec-23] org.apache.catalina.core.ApplicationContext.log Manager: list: Listing contexts for virtual host 'localhost'
24-Sep-2019 21:30:53.923 INFORMACIÓN [http-nio-8081-exec-24] org.apache.catalina.core.ApplicationContext.log Manager: restart: Reloading web application '/NumeroUno'
24-Sep-2019 21:38:47.099 INFORMACIÓN [http-nio-8081-exec-35] org.apache.catalina.core.ApplicationContext.log Manager: list: Listing contexts for virtual host 'localhost'
24-Sep-2019 21:38:49.278 INFORMACIÓN [http-nio-8081-exec-39] org.apache.catalina.core.ApplicationContext.log Manager: list: Listing contexts for virtual host 'localhost'
24-Sep-2019 21:42:40.566 INFORMACIÓN [http-nio-8081-exec-34] org.apache.catalina.core.ApplicationContext.log Manager: list: Listing contexts for virtual host 'localhost'
24-Sep-2019 21:43:57.261 INFORMACIÓN [http-nio-8081-exec-39] org.apache.catalina.core.ApplicationContext.log Manager: list: Listing contexts for virtual host 'localhost'
24-Sep-2019 21:43:57.276 INFORMACIÓN [http-nio-8081-exec-40] org.apache.catalina.core.ApplicationContext.log Manager: restart: Reloading web application '/NumeroUno'
24-Sep-2019 21:45:23.792 INFORMACIÓN [http-nio-8081-exec-45] org.apache.catalina.core.ApplicationContext.log Manager: list: Listing contexts for virtual host 'localhost'
24-Sep-2019 21:45:23.825 INFORMACIÓN [http-nio-8081-exec-52] org.apache.catalina.core.ApplicationContext.log Manager: restart: Reloading web application '/NumeroUno'
24-Sep-2019 21:47:22.976 INFORMACIÓN [http-nio-8081-exec-3] org.apache.catalina.core.ApplicationContext.log Manager: init: Associated with Deployer 'Catalina:type=Deployer,host=localhost'
24-Sep-2019 21:47:22.976 INFORMACIÓN [http-nio-8081-exec-3] org.apache.catalina.core.ApplicationContext.log Manager: init: Global resources are available
24-Sep-2019 21:49:50.156 INFORMACIÓN [http-nio-8081-exec-6] org.apache.catalina.core.ApplicationContext.log Manager: list: Listing contexts for virtual host 'localhost'
24-Sep-2019 21:51:32.600 INFORMACIÓN [http-nio-8081-exec-6] org.apache.catalina.core.ApplicationContext.log Manager: list: Listing contexts for virtual host 'localhost'
24-Sep-2019 21:51:32.613 INFORMACIÓN [http-nio-8081-exec-5] org.apache.catalina.core.ApplicationContext.log Manager: restart: Reloading web application '/NumeroUno'
24-Sep-2019 21:51:54.194 INFORMACIÓN [http-nio-8081-exec-12] org.apache.catalina.core.ApplicationContext.log Manager: list: Listing contexts for virtual host 'localhost'
24-Sep-2019 21:51:54.213 INFORMACIÓN [http-nio-8081-exec-8] org.apache.catalina.core.ApplicationContext.log Manager: restart: Reloading web application '/NumeroUno'
24-Sep-2019 21:52:06.542 INFORMACIÓN [http-nio-8081-exec-9] org.apache.catalina.core.ApplicationContext.log Manager: list: Listing contexts for virtual host 'localhost'
24-Sep-2019 21:52:06.555 INFORMACIÓN [http-nio-8081-exec-6] org.apache.catalina.core.ApplicationContext.log Manager: restart: Reloading web application '/NumeroUno'
24-Sep-2019 21:53:32.472 INFORMACIÓN [http-nio-8081-exec-16] org.apache.catalina.core.ApplicationContext.log Manager: list: Listing contexts for virtual host 'localhost'
24-Sep-2019 21:58:30.075 INFORMACIÓN [http-nio-8081-exec-15] org.apache.catalina.core.ApplicationContext.log Manager: list: Listing contexts for virtual host 'localhost'
24-Sep-2019 21:58:46.924 INFORMACIÓN [http-nio-8081-exec-15] org.apache.catalina.core.ApplicationContext.log Manager: list: Listing contexts for virtual host 'localhost'
