23-Sep-2019 19:53:14.911 INFORMACIÓN [http-nio-8085-exec-5] org.apache.catalina.core.ApplicationContext.log Manager: init: Associated with Deployer 'Catalina:type=Deployer,host=localhost'
23-Sep-2019 19:53:14.912 INFORMACIÓN [http-nio-8085-exec-5] org.apache.catalina.core.ApplicationContext.log Manager: init: Global resources are available
23-Sep-2019 19:53:47.666 INFORMACIÓN [http-nio-8085-exec-1] org.apache.catalina.core.ApplicationContext.log Manager: list: Listing contexts for virtual host 'localhost'
23-Sep-2019 19:53:47.677 INFORMACIÓN [http-nio-8085-exec-3] org.apache.catalina.core.ApplicationContext.log Manager: list: Listing contexts for virtual host 'localhost'
23-Sep-2019 19:53:47.718 INFORMACIÓN [http-nio-8085-exec-4] org.apache.catalina.core.ApplicationContext.log Manager: undeploy: Undeploying web application at '/NumeroUno'
23-Sep-2019 19:53:48.302 INFORMACIÓN [http-nio-8085-exec-3] org.apache.catalina.core.ApplicationContext.log Manager: install: Installing context configuration at 'file:/var/folders/dt/rsywx_vs4jdb7bnvj9rv4qtw0000gn/T/context4690571459397176442.xml'
23-Sep-2019 19:53:48.643 INFORMACIÓN [http-nio-8085-exec-7] org.apache.catalina.core.ApplicationContext.log Manager: start: Starting web application '/NumeroUno'
23-Sep-2019 19:54:37.131 INFORMACIÓN [http-nio-8085-exec-9] org.apache.catalina.core.ApplicationContext.log Manager: list: Listing contexts for virtual host 'localhost'
23-Sep-2019 19:54:37.152 INFORMACIÓN [http-nio-8085-exec-11] org.apache.catalina.core.ApplicationContext.log Manager: list: Listing contexts for virtual host 'localhost'
23-Sep-2019 19:56:08.765 INFORMACIÓN [http-nio-8085-exec-16] org.apache.catalina.core.ApplicationContext.log Manager: list: Listing contexts for virtual host 'localhost'
23-Sep-2019 19:56:08.785 INFORMACIÓN [http-nio-8085-exec-17] org.apache.catalina.core.ApplicationContext.log Manager: list: Listing contexts for virtual host 'localhost'
23-Sep-2019 21:28:59.136 INFORMACIÓN [http-nio-8085-exec-15] org.apache.catalina.core.ApplicationContext.log Manager: list: Listing contexts for virtual host 'localhost'
23-Sep-2019 21:31:58.232 INFORMACIÓN [http-nio-8085-exec-16] org.apache.catalina.core.ApplicationContext.log Manager: list: Listing contexts for virtual host 'localhost'
23-Sep-2019 21:32:53.682 INFORMACIÓN [http-nio-8085-exec-15] org.apache.catalina.core.ApplicationContext.log Manager: list: Listing contexts for virtual host 'localhost'
23-Sep-2019 21:39:13.686 INFORMACIÓN [http-nio-8085-exec-15] org.apache.catalina.core.ApplicationContext.log Manager: list: Listing contexts for virtual host 'localhost'
23-Sep-2019 21:39:35.771 INFORMACIÓN [http-nio-8085-exec-12] org.apache.catalina.core.ApplicationContext.log Manager: list: Listing contexts for virtual host 'localhost'
23-Sep-2019 21:40:04.868 INFORMACIÓN [http-nio-8085-exec-11] org.apache.catalina.core.ApplicationContext.log Manager: list: Listing contexts for virtual host 'localhost'
23-Sep-2019 21:40:52.690 INFORMACIÓN [http-nio-8085-exec-15] org.apache.catalina.core.ApplicationContext.log Manager: list: Listing contexts for virtual host 'localhost'
23-Sep-2019 21:42:33.881 INFORMACIÓN [http-nio-8085-exec-19] org.apache.catalina.core.ApplicationContext.log Manager: list: Listing contexts for virtual host 'localhost'
23-Sep-2019 21:46:51.185 INFORMACIÓN [http-nio-8085-exec-17] org.apache.catalina.core.ApplicationContext.log Manager: list: Listing contexts for virtual host 'localhost'
23-Sep-2019 21:52:34.749 INFORMACIÓN [http-nio-8085-exec-20] org.apache.catalina.core.ApplicationContext.log Manager: list: Listing contexts for virtual host 'localhost'
23-Sep-2019 21:54:41.238 INFORMACIÓN [http-nio-8085-exec-11] org.apache.catalina.core.ApplicationContext.log Manager: list: Listing contexts for virtual host 'localhost'
23-Sep-2019 21:55:12.849 INFORMACIÓN [http-nio-8085-exec-19] org.apache.catalina.core.ApplicationContext.log Manager: list: Listing contexts for virtual host 'localhost'
23-Sep-2019 21:55:45.571 INFORMACIÓN [http-nio-8085-exec-12] org.apache.catalina.core.ApplicationContext.log Manager: list: Listing contexts for virtual host 'localhost'
23-Sep-2019 21:57:19.989 INFORMACIÓN [http-nio-8085-exec-11] org.apache.catalina.core.ApplicationContext.log Manager: list: Listing contexts for virtual host 'localhost'
23-Sep-2019 21:59:04.837 INFORMACIÓN [http-nio-8085-exec-14] org.apache.catalina.core.ApplicationContext.log Manager: list: Listing contexts for virtual host 'localhost'
23-Sep-2019 21:59:53.085 INFORMACIÓN [http-nio-8085-exec-18] org.apache.catalina.core.ApplicationContext.log Manager: list: Listing contexts for virtual host 'localhost'
23-Sep-2019 22:00:36.425 INFORMACIÓN [http-nio-8085-exec-17] org.apache.catalina.core.ApplicationContext.log Manager: list: Listing contexts for virtual host 'localhost'
23-Sep-2019 22:01:23.220 INFORMACIÓN [http-nio-8085-exec-12] org.apache.catalina.core.ApplicationContext.log Manager: list: Listing contexts for virtual host 'localhost'
23-Sep-2019 22:01:47.274 INFORMACIÓN [http-nio-8085-exec-11] org.apache.catalina.core.ApplicationContext.log Manager: list: Listing contexts for virtual host 'localhost'
23-Sep-2019 22:04:16.701 INFORMACIÓN [http-nio-8085-exec-14] org.apache.catalina.core.ApplicationContext.log Manager: list: Listing contexts for virtual host 'localhost'
23-Sep-2019 22:06:32.359 INFORMACIÓN [http-nio-8085-exec-13] org.apache.catalina.core.ApplicationContext.log Manager: list: Listing contexts for virtual host 'localhost'
23-Sep-2019 22:07:47.250 INFORMACIÓN [http-nio-8085-exec-11] org.apache.catalina.core.ApplicationContext.log Manager: list: Listing contexts for virtual host 'localhost'
23-Sep-2019 22:09:07.916 INFORMACIÓN [http-nio-8085-exec-13] org.apache.catalina.core.ApplicationContext.log Manager: list: Listing contexts for virtual host 'localhost'
23-Sep-2019 23:16:18.954 INFORMACIÓN [http-nio-8085-exec-11] org.apache.catalina.core.ApplicationContext.log Manager: list: Listing contexts for virtual host 'localhost'
23-Sep-2019 23:22:05.141 INFORMACIÓN [http-nio-8085-exec-18] org.apache.catalina.core.ApplicationContext.log Manager: list: Listing contexts for virtual host 'localhost'
23-Sep-2019 23:23:10.457 INFORMACIÓN [http-nio-8085-exec-18] org.apache.catalina.core.ApplicationContext.log Manager: list: Listing contexts for virtual host 'localhost'
23-Sep-2019 23:23:24.664 INFORMACIÓN [http-nio-8085-exec-11] org.apache.catalina.core.ApplicationContext.log Manager: list: Listing contexts for virtual host 'localhost'
23-Sep-2019 23:23:40.968 INFORMACIÓN [http-nio-8085-exec-15] org.apache.catalina.core.ApplicationContext.log Manager: list: Listing contexts for virtual host 'localhost'
23-Sep-2019 23:25:48.877 INFORMACIÓN [http-nio-8085-exec-16] org.apache.catalina.core.ApplicationContext.log Manager: list: Listing contexts for virtual host 'localhost'
23-Sep-2019 23:25:48.929 INFORMACIÓN [http-nio-8085-exec-19] org.apache.catalina.core.ApplicationContext.log Manager: undeploy: Undeploying web application at '/MySite'
23-Sep-2019 23:25:49.484 INFORMACIÓN [http-nio-8085-exec-13] org.apache.catalina.core.ApplicationContext.log Manager: install: Installing context configuration at 'file:/var/folders/dt/rsywx_vs4jdb7bnvj9rv4qtw0000gn/T/context4179470367216720045.xml'
23-Sep-2019 23:25:49.842 INFORMACIÓN [http-nio-8085-exec-15] org.apache.catalina.core.ApplicationContext.log Manager: start: Starting web application '/MySite'
23-Sep-2019 23:27:25.893 INFORMACIÓN [http-nio-8085-exec-25] org.apache.catalina.core.ApplicationContext.log Manager: list: Listing contexts for virtual host 'localhost'
23-Sep-2019 23:30:04.651 INFORMACIÓN [http-nio-8085-exec-28] org.apache.catalina.core.ApplicationContext.log Manager: list: Listing contexts for virtual host 'localhost'
23-Sep-2019 23:30:04.665 INFORMACIÓN [http-nio-8085-exec-22] org.apache.catalina.core.ApplicationContext.log Manager: restart: Reloading web application '/NumeroUno'
23-Sep-2019 23:32:55.079 INFORMACIÓN [http-nio-8085-exec-33] org.apache.catalina.core.ApplicationContext.log Manager: list: Listing contexts for virtual host 'localhost'
23-Sep-2019 23:32:55.102 INFORMACIÓN [http-nio-8085-exec-34] org.apache.catalina.core.ApplicationContext.log Manager: restart: Reloading web application '/NumeroUno'
23-Sep-2019 23:33:28.890 INFORMACIÓN [http-nio-8085-exec-33] org.apache.catalina.core.ApplicationContext.log Manager: list: Listing contexts for virtual host 'localhost'
23-Sep-2019 23:33:28.903 INFORMACIÓN [http-nio-8085-exec-39] org.apache.catalina.core.ApplicationContext.log Manager: restart: Reloading web application '/NumeroUno'
23-Sep-2019 23:36:42.985 INFORMACIÓN [http-nio-8085-exec-37] org.apache.catalina.core.ApplicationContext.log Manager: list: Listing contexts for virtual host 'localhost'
23-Sep-2019 23:36:43.008 INFORMACIÓN [http-nio-8085-exec-46] org.apache.catalina.core.ApplicationContext.log Manager: restart: Reloading web application '/NumeroUno'
23-Sep-2019 23:39:30.400 INFORMACIÓN [http-nio-8085-exec-50] org.apache.catalina.core.ApplicationContext.log Manager: list: Listing contexts for virtual host 'localhost'
23-Sep-2019 23:41:01.642 INFORMACIÓN [http-nio-8085-exec-51] org.apache.catalina.core.ApplicationContext.log Manager: list: Listing contexts for virtual host 'localhost'
23-Sep-2019 23:41:13.384 INFORMACIÓN [http-nio-8085-exec-48] org.apache.catalina.core.ApplicationContext.log Manager: list: Listing contexts for virtual host 'localhost'
23-Sep-2019 23:44:34.169 INFORMACIÓN [http-nio-8085-exec-55] org.apache.catalina.core.ApplicationContext.log Manager: list: Listing contexts for virtual host 'localhost'
23-Sep-2019 23:44:50.642 INFORMACIÓN [http-nio-8085-exec-52] org.apache.catalina.core.ApplicationContext.log Manager: list: Listing contexts for virtual host 'localhost'
23-Sep-2019 23:45:41.920 INFORMACIÓN [http-nio-8085-exec-47] org.apache.catalina.core.ApplicationContext.log Manager: list: Listing contexts for virtual host 'localhost'
23-Sep-2019 23:48:49.132 INFORMACIÓN [http-nio-8085-exec-51] org.apache.catalina.core.ApplicationContext.log Manager: list: Listing contexts for virtual host 'localhost'
23-Sep-2019 23:50:06.168 INFORMACIÓN [http-nio-8085-exec-52] org.apache.catalina.core.ApplicationContext.log Manager: list: Listing contexts for virtual host 'localhost'
23-Sep-2019 23:50:29.134 INFORMACIÓN [http-nio-8085-exec-51] org.apache.catalina.core.ApplicationContext.log Manager: list: Listing contexts for virtual host 'localhost'
23-Sep-2019 23:51:13.081 INFORMACIÓN [http-nio-8085-exec-49] org.apache.catalina.core.ApplicationContext.log Manager: list: Listing contexts for virtual host 'localhost'
23-Sep-2019 23:51:29.828 INFORMACIÓN [http-nio-8085-exec-48] org.apache.catalina.core.ApplicationContext.log Manager: list: Listing contexts for virtual host 'localhost'
23-Sep-2019 23:51:39.077 INFORMACIÓN [http-nio-8085-exec-47] org.apache.catalina.core.ApplicationContext.log Manager: list: Listing contexts for virtual host 'localhost'
23-Sep-2019 23:52:13.492 INFORMACIÓN [http-nio-8085-exec-49] org.apache.catalina.core.ApplicationContext.log Manager: list: Listing contexts for virtual host 'localhost'
23-Sep-2019 23:54:04.567 INFORMACIÓN [http-nio-8085-exec-55] org.apache.catalina.core.ApplicationContext.log Manager: list: Listing contexts for virtual host 'localhost'
23-Sep-2019 23:56:36.836 INFORMACIÓN [http-nio-8085-exec-50] org.apache.catalina.core.ApplicationContext.log Manager: list: Listing contexts for virtual host 'localhost'
23-Sep-2019 23:59:32.491 INFORMACIÓN [http-nio-8085-exec-55] org.apache.catalina.core.ApplicationContext.log Manager: list: Listing contexts for virtual host 'localhost'
